Build started 9/15/2020 7:48:19 PM.
     1>Project "D:\itu_gui\itu_gui\itu_gui.vcxproj" on node 2 (Build target(s)).
     1>ClCompile:
         C:\Program Files (x86)\Microsoft Visual Studio 12.0\VC\bin\CL.exe /c /ZI /nologo /W3 /WX- /sdl /Od /Oy- /D _CRT_SECURE_NO_WARNINGS /D _CRT_NONSTDC_NO_DEPRECATE /D _MBCS /Gm /EHsc /RTC1 /MDd /GS /fp:precise /Zc:wchar_t /Zc:forScope /Fo"Debug\\" /Fd"Debug\vc120.pdb" /Gd /TC /analyze- /errorReport:prompt ite\itc_tree.c ite\ith_lcd.c ite\ith_win32_sim.c ite\itp_posix_win32.c ite\itu_action.c ite\itu_background.c ite\itu_base.c ite\itu_button.c ite\itu_clipper.c ite\itu_effect.c ite\itu_fadeeffect.c ite\itu_flowwindow.c ite\itu_freetype_cache.c ite\itu_icon.c ite\itu_layer.c ite\itu_lcd.c ite\itu_listbox.c ite\itu_meter.c ite\itu_scaleeffect.c ite\itu_scalefadeeffect.c ite\itu_scene.c ite\itu_scrolleffect.c ite\itu_scrollfadeeffect.c ite\itu_scrolllistbox.c ite\itu_scrolltext.c ite\itu_surface.c ite\itu_sw.c ite\itu_text.c ite\itu_utility.c ite\itu_widget.c ite\itu_wipeeffect.c ite\SDL_events.c ite\SDL_systimer.c main.c
         main.c
     1>d:\itu_gui\itu_gui\main.c(225): warning C4047: '=' : 'uint32_t' differs in levels of indirection from 'uint8_t *'
     1>d:\itu_gui\itu_gui\main.c(250): warning C4047: '=' : 'uint32_t' differs in levels of indirection from 'char *'
     1>d:\itu_gui\itu_gui\main.c(312): warning C4098: 'test_readfile' : 'void' function returning a value
     1>d:\itu_gui\itu_gui\main.c(321): warning C4098: 'test_readfile' : 'void' function returning a value
     1>d:\itu_gui\itu_gui\main.c(419): warning C4133: '=' : incompatible types - from 'ITULayer *' to 'ITUWidget *'
     1>d:\itu_gui\itu_gui\main.c(424): warning C4133: 'function' : incompatible types - from 'ITULayer *' to 'ITCTree *'
     1>d:\itu_gui\itu_gui\main.c(432): warning C4133: 'function' : incompatible types - from 'ITUMeter *' to 'ITCTree *'
     1>d:\itu_gui\itu_gui\main.c(433): warning C4133: 'function' : incompatible types - from 'ITUBackground *' to 'ITCTree *'
     1>d:\itu_gui\itu_gui\main.c(439): warning C4067: unexpected tokens following preprocessor directive - expected a newline
     1>d:\itu_gui\itu_gui\main.c(458): warning C4133: '=' : incompatible types - from 'ITULayer *' to 'ITUWidget *'
     1>d:\itu_gui\itu_gui\main.c(463): warning C4133: 'function' : incompatible types - from 'ITULayer *' to 'ITCTree *'
     1>d:\itu_gui\itu_gui\main.c(469): warning C4133: 'function' : incompatible types - from 'ITUBackground *' to 'ITCTree *'
     1>d:\itu_gui\itu_gui\main.c(475): warning C4133: 'function' : incompatible types - from 'ITUBackground *' to 'ITCTree *'
     1>d:\itu_gui\itu_gui\main.c(511): warning C4067: unexpected tokens following preprocessor directive - expected a newline
     1>d:\itu_gui\itu_gui\main.c(662): warning C4013: 'SDL_StartTicks' undefined; assuming extern returning int
         SDL_systimer.c
         SDL_events.c
     1>d:\itu_gui\itu_gui\ite\sdl_events.c(52): warning C4013: 'free' undefined; assuming extern returning int
     1>d:\itu_gui\itu_gui\ite\sdl_events.c(141): warning C4013: 'calloc' undefined; assuming extern returning int
     1>d:\itu_gui\itu_gui\ite\sdl_events.c(286): warning C4013: 'SDL_GetTicks' undefined; assuming extern returning int
         itu_wipeeffect.c
         itu_widget.c
         itu_utility.c
     1>d:\itu_gui\itu_gui\ite\ith_lcd.h(82): warning C4013: 'ithReadRegA' undefined; assuming extern returning int
     1>d:\itu_gui\itu_gui\ite\itu_utility.c(385): warning C4101: 'var' : unreferenced local variable
         itu_text.c
         itu_sw.c
     1>d:\itu_gui\itu_gui\ite\ith_lcd.h(82): warning C4013: 'ithReadRegA' undefined; assuming extern returning int
     1>d:\itu_gui\itu_gui\ite\itu_sw.c(84): warning C4047: '=' : 'uint32_t' differs in levels of indirection from 'void *'
     1>d:\itu_gui\itu_gui\ite\itu_sw.c(1932): warning C4244: 'function' : conversion from 'double' to 'float', possible loss of data
     1>d:\itu_gui\itu_gui\ite\itu_sw.c(1954): warning C4244: '=' : conversion from 'int' to 'float', possible loss of data
     1>d:\itu_gui\itu_gui\ite\itu_sw.c(1957): warning C4244: 'function' : conversion from 'int' to 'float', possible loss of data
     1>d:\itu_gui\itu_gui\ite\itu_sw.c(1995): warning C4244: '=' : conversion from 'int' to 'float', possible loss of data
     1>d:\itu_gui\itu_gui\ite\itu_sw.c(1998): warning C4244: 'function' : conversion from 'int' to 'float', possible loss of data
     1>d:\itu_gui\itu_gui\ite\itu_sw.c(2039): warning C4244: '=' : conversion from 'int' to 'float', possible loss of data
     1>d:\itu_gui\itu_gui\ite\itu_sw.c(2042): warning C4244: 'function' : conversion from 'int' to 'float', possible loss of data
     1>d:\itu_gui\itu_gui\ite\itu_sw.c(2083): warning C4244: '=' : conversion from 'int' to 'float', possible loss of data
     1>d:\itu_gui\itu_gui\ite\itu_sw.c(2086): warning C4244: 'function' : conversion from 'int' to 'float', possible loss of data
     1>d:\itu_gui\itu_gui\ite\itu_sw.c(2619): warning C4244: 'function' : conversion from 'int' to 'float', possible loss of data
     1>d:\itu_gui\itu_gui\ite\itu_sw.c(2657): warning C4244: '=' : conversion from 'int' to 'float', possible loss of data
     1>d:\itu_gui\itu_gui\ite\itu_sw.c(2658): warning C4244: '=' : conversion from 'int' to 'float', possible loss of data
     1>d:\itu_gui\itu_gui\ite\itu_sw.c(2663): warning C4244: '=' : conversion from 'int' to 'float', possible loss of data
     1>d:\itu_gui\itu_gui\ite\itu_sw.c(2664): warning C4244: '=' : conversion from 'int' to 'float', possible loss of data
     1>d:\itu_gui\itu_gui\ite\itu_sw.c(2669): warning C4244: '=' : conversion from 'int' to 'float', possible loss of data
     1>d:\itu_gui\itu_gui\ite\itu_sw.c(2670): warning C4244: '=' : conversion from 'int' to 'float', possible loss of data
     1>d:\itu_gui\itu_gui\ite\itu_sw.c(2675): warning C4244: '=' : conversion from 'int' to 'float', possible loss of data
     1>d:\itu_gui\itu_gui\ite\itu_sw.c(2676): warning C4244: '=' : conversion from 'int' to 'float', possible loss of data
     1>d:\itu_gui\itu_gui\ite\itu_sw.c(2707): warning C4244: 'function' : conversion from 'int' to 'float', possible loss of data
     1>d:\itu_gui\itu_gui\ite\itu_sw.c(2708): warning C4244: 'function' : conversion from 'int' to 'float', possible loss of data
     1>d:\itu_gui\itu_gui\ite\itu_sw.c(2709): warning C4244: 'function' : conversion from 'int' to 'float', possible loss of data
     1>d:\itu_gui\itu_gui\ite\itu_sw.c(2710): warning C4244: 'function' : conversion from 'int' to 'float', possible loss of data
     1>d:\itu_gui\itu_gui\ite\itu_sw.c(2711): warning C4244: 'initializing' : conversion from 'float' to 'int', possible loss of data
     1>d:\itu_gui\itu_gui\ite\itu_sw.c(2712): warning C4244: 'initializing' : conversion from 'float' to 'int', possible loss of data
     1>d:\itu_gui\itu_gui\ite\itu_sw.c(2725): warning C4244: '=' : conversion from 'int' to 'float', possible loss of data
     1>d:\itu_gui\itu_gui\ite\itu_sw.c(2726): warning C4244: '=' : conversion from 'int' to 'float', possible loss of data
     1>d:\itu_gui\itu_gui\ite\itu_sw.c(2731): warning C4244: '=' : conversion from 'int' to 'float', possible loss of data
     1>d:\itu_gui\itu_gui\ite\itu_sw.c(2732): warning C4244: '=' : conversion from 'int' to 'float', possible loss of data
     1>d:\itu_gui\itu_gui\ite\itu_sw.c(2737): warning C4244: '=' : conversion from 'int' to 'float', possible loss of data
     1>d:\itu_gui\itu_gui\ite\itu_sw.c(2738): warning C4244: '=' : conversion from 'int' to 'float', possible loss of data
     1>d:\itu_gui\itu_gui\ite\itu_sw.c(2743): warning C4244: '=' : conversion from 'int' to 'float', possible loss of data
     1>d:\itu_gui\itu_gui\ite\itu_sw.c(2744): warning C4244: '=' : conversion from 'int' to 'float', possible loss of data
     1>d:\itu_gui\itu_gui\ite\itu_sw.c(2777): warning C4244: 'function' : conversion from 'int' to 'float', possible loss of data
     1>d:\itu_gui\itu_gui\ite\itu_sw.c(2778): warning C4244: 'function' : conversion from 'int' to 'float', possible loss of data
     1>d:\itu_gui\itu_gui\ite\itu_sw.c(2779): warning C4244: 'function' : conversion from 'int' to 'float', possible loss of data
     1>d:\itu_gui\itu_gui\ite\itu_sw.c(2780): warning C4244: 'function' : conversion from 'int' to 'float', possible loss of data
     1>d:\itu_gui\itu_gui\ite\itu_sw.c(2781): warning C4244: 'initializing' : conversion from 'float' to 'int', possible loss of data
     1>d:\itu_gui\itu_gui\ite\itu_sw.c(2782): warning C4244: 'initializing' : conversion from 'float' to 'int', possible loss of data
     1>d:\itu_gui\itu_gui\ite\itu_sw.c(2804): warning C4244: '=' : conversion from 'int' to 'float', possible loss of data
     1>d:\itu_gui\itu_gui\ite\itu_sw.c(2805): warning C4244: '=' : conversion from 'int' to 'float', possible loss of data
     1>d:\itu_gui\itu_gui\ite\itu_sw.c(2810): warning C4244: '=' : conversion from 'int' to 'float', possible loss of data
     1>d:\itu_gui\itu_gui\ite\itu_sw.c(2811): warning C4244: '=' : conversion from 'int' to 'float', possible loss of data
     1>d:\itu_gui\itu_gui\ite\itu_sw.c(2816): warning C4244: '=' : conversion from 'int' to 'float', possible loss of data
     1>d:\itu_gui\itu_gui\ite\itu_sw.c(2817): warning C4244: '=' : conversion from 'int' to 'float', possible loss of data
     1>d:\itu_gui\itu_gui\ite\itu_sw.c(2822): warning C4244: '=' : conversion from 'int' to 'float', possible loss of data
     1>d:\itu_gui\itu_gui\ite\itu_sw.c(2823): warning C4244: '=' : conversion from 'int' to 'float', possible loss of data
     1>d:\itu_gui\itu_gui\ite\itu_sw.c(2855): warning C4244: 'function' : conversion from 'int' to 'float', possible loss of data
     1>d:\itu_gui\itu_gui\ite\itu_sw.c(2856): warning C4244: 'function' : conversion from 'int' to 'float', possible loss of data
     1>d:\itu_gui\itu_gui\ite\itu_sw.c(2857): warning C4244: 'function' : conversion from 'int' to 'float', possible loss of data
     1>d:\itu_gui\itu_gui\ite\itu_sw.c(2858): warning C4244: 'function' : conversion from 'int' to 'float', possible loss of data
     1>d:\itu_gui\itu_gui\ite\itu_sw.c(2859): warning C4244: 'initializing' : conversion from 'float' to 'int', possible loss of data
     1>d:\itu_gui\itu_gui\ite\itu_sw.c(2860): warning C4244: 'initializing' : conversion from 'float' to 'int', possible loss of data
     1>d:\itu_gui\itu_gui\ite\itu_sw.c(2883): warning C4244: '=' : conversion from 'int' to 'float', possible loss of data
     1>d:\itu_gui\itu_gui\ite\itu_sw.c(2884): warning C4244: '=' : conversion from 'int' to 'float', possible loss of data
     1>d:\itu_gui\itu_gui\ite\itu_sw.c(2889): warning C4244: '=' : conversion from 'int' to 'float', possible loss of data
     1>d:\itu_gui\itu_gui\ite\itu_sw.c(2890): warning C4244: '=' : conversion from 'int' to 'float', possible loss of data
     1>d:\itu_gui\itu_gui\ite\itu_sw.c(2895): warning C4244: '=' : conversion from 'int' to 'float', possible loss of data
     1>d:\itu_gui\itu_gui\ite\itu_sw.c(2896): warning C4244: '=' : conversion from 'int' to 'float', possible loss of data
     1>d:\itu_gui\itu_gui\ite\itu_sw.c(2901): warning C4244: '=' : conversion from 'int' to 'float', possible loss of data
     1>d:\itu_gui\itu_gui\ite\itu_sw.c(2902): warning C4244: '=' : conversion from 'int' to 'float', possible loss of data
     1>d:\itu_gui\itu_gui\ite\itu_sw.c(2934): warning C4244: 'function' : conversion from 'int' to 'float', possible loss of data
     1>d:\itu_gui\itu_gui\ite\itu_sw.c(2935): warning C4244: 'function' : conversion from 'int' to 'float', possible loss of data
     1>d:\itu_gui\itu_gui\ite\itu_sw.c(2936): warning C4244: 'function' : conversion from 'int' to 'float', possible loss of data
     1>d:\itu_gui\itu_gui\ite\itu_sw.c(2937): warning C4244: 'function' : conversion from 'int' to 'float', possible loss of data
     1>d:\itu_gui\itu_gui\ite\itu_sw.c(2938): warning C4244: 'initializing' : conversion from 'float' to 'int', possible loss of data
     1>d:\itu_gui\itu_gui\ite\itu_sw.c(2939): warning C4244: 'initializing' : conversion from 'float' to 'int', possible loss of data
         itu_surface.c
         itu_scrolltext.c
         itu_scrolllistbox.c
         itu_scrollfadeeffect.c
         itu_scrolleffect.c
         itu_scene.c
         itu_scalefadeeffect.c
         itu_scaleeffect.c
         itu_meter.c
     1>d:\itu_gui\itu_gui\ite\itu_meter.c(50): warning C4244: 'function' : conversion from 'int' to 'float', possible loss of data
         itu_listbox.c
         itu_lcd.c
     1>d:\itu_gui\itu_gui\ite\ith_lcd.h(82): warning C4013: 'ithReadRegA' undefined; assuming extern returning int
         itu_layer.c
         Generating Code...
     1>d:\itu_gui\itu_gui\ite\itu_text.c(101): warning C4716: 'ituTextGetStringImpl' : must return a value
         Compiling...
         itu_icon.c
     1>d:\itu_gui\itu_gui\ite\itu_icon.c(691): warning C4101: 'surf' : unreferenced local variable
     1>d:\itu_gui\itu_gui\ite\itu_icon.c(712): warning C4101: 'surf' : unreferenced local variable
         itu_freetype_cache.c
         itu_flowwindow.c
         itu_fadeeffect.c
         itu_effect.c
         itu_clipper.c
     1>d:\itu_gui\itu_gui\ite\itu_clipper.c(38): warning C4013: 'memcpy' undefined; assuming extern returning int
     1>d:\itu_gui\itu_gui\ite\itu_clipper.c(145): warning C4013: 'memset' undefined; assuming extern returning int
         itu_button.c
     1>d:\itu_gui\itu_gui\ite\itu_button.c(72): warning C4013: 'itpGetTickCount' undefined; assuming extern returning int
     1>d:\itu_gui\itu_gui\ite\itu_button.c(261): warning C4013: 'itpGetTickDuration' undefined; assuming extern returning int
     1>d:\itu_gui\itu_gui\ite\itu_button.c(261): warning C4018: '>=' : signed/unsigned mismatch
         itu_base.c
     1>d:\itu_gui\itu_gui\ite\ith_lcd.h(82): warning C4013: 'ithReadRegA' undefined; assuming extern returning int
     1>d:\itu_gui\itu_gui\ite\itu_base.c(154): warning C4113: 'void (__cdecl *)(ITUSurface *,int,int,ITUSurface *,int,int,int,int,int,int,int,int,int,int,int,int,bool,ITUPageFlowType)' differs in parameter lists from 'void (__cdecl *)(ITUSurface *,int,int,ITUSurface *,int,int,int,int,int,int,int,int,int,int,int,int,bool,ITUPageFlowType,ITUTransformType)'
         itu_background.c
         itu_action.c
         itp_posix_win32.c
         ith_win32_sim.c
     1>d:\itu_gui\itu_gui\ite\ith_win32_sim.c(45): warning C4047: 'return' : 'uint32_t' differs in levels of indirection from 'uint8_t [50331648]'
     1>d:\itu_gui\itu_gui\ite\ith_win32_sim.c(83): warning C4047: 'return' : 'void *' differs in levels of indirection from 'uint32_t'
         ith_lcd.c
     1>d:\itu_gui\itu_gui\ite\ith_lcd.h(82): warning C4013: 'ithReadRegA' undefined; assuming extern returning int
         itc_tree.c
         Generating Code...
     1>d:\itu_gui\itu_gui\ite\itu_button.c(40): warning C4716: 'ituButtonClone' : must return a value
       Link:
         C:\Program Files (x86)\Microsoft Visual Studio 12.0\VC\bin\link.exe /ERRORREPORT:PROMPT /OUT:"D:\itu_gui\Debug\itu_gui.exe" /INCREMENTAL /NOLOGO kernel32.lib user32.lib gdi32.lib winspool.lib comdlg32.lib advapi32.lib shell32.lib ole32.lib oleaut32.lib uuid.lib odbc32.lib odbccp32.lib /MANIFEST /MANIFESTUAC:"level='asInvoker' uiAccess='false'" /manifest:embed /DEBUG /PDB:"D:\itu_gui\Debug\itu_gui.pdb" /TLBID:1 /DYNAMICBASE /NXCOMPAT /IMPLIB:"D:\itu_gui\Debug\itu_gui.lib" /MACHINE:X86 Debug\itc_tree.obj
         Debug\ith_lcd.obj
         Debug\ith_win32_sim.obj
         Debug\itp_posix_win32.obj
         Debug\itu_action.obj
         Debug\itu_background.obj
         Debug\itu_base.obj
         Debug\itu_button.obj
         Debug\itu_clipper.obj
         Debug\itu_effect.obj
         Debug\itu_fadeeffect.obj
         Debug\itu_flowwindow.obj
         Debug\itu_freetype_cache.obj
         Debug\itu_icon.obj
         Debug\itu_layer.obj
         Debug\itu_lcd.obj
         Debug\itu_listbox.obj
         Debug\itu_meter.obj
         Debug\itu_scaleeffect.obj
         Debug\itu_scalefadeeffect.obj
         Debug\itu_scene.obj
         Debug\itu_scrolleffect.obj
         Debug\itu_scrollfadeeffect.obj
         Debug\itu_scrolllistbox.obj
         Debug\itu_scrolltext.obj
         Debug\itu_surface.obj
         Debug\itu_sw.obj
         Debug\itu_text.obj
         Debug\itu_utility.obj
         Debug\itu_widget.obj
         Debug\itu_wipeeffect.obj
         Debug\SDL_events.obj
         Debug\SDL_systimer.obj
         Debug\main.obj
         itu_gui.vcxproj -> D:\itu_gui\Debug\itu_gui.exe
     1>Done Building Project "D:\itu_gui\itu_gui\itu_gui.vcxproj" (Build target(s)).

Build succeeded.

Time Elapsed 00:00:04.06
