Build started 2020/7/24 17:35:48.
     1>Project "E:\itu_gui\itu_gui\itu_gui.vcxproj" on node 2 (Build target(s)).
     1>ClCompile:
         C:\Program Files (x86)\Microsoft Visual Studio 12.0\VC\bin\CL.exe /c /ZI /nologo /W3 /WX- /sdl /Od /Oy- /D _CRT_SECURE_NO_WARNINGS /D _CRT_NONSTDC_NO_DEPRECATE /D _MBCS /Gm /EHsc /RTC1 /MDd /GS /fp:precise /Zc:wchar_t /Zc:forScope /Fo"Debug\\" /Fd"Debug\vc120.pdb" /Gd /TC /analyze- /errorReport:prompt ite\itu_meter.c
         itu_meter.c
     1>e:\itu_gui\itu_gui\ite\itu_meter.c(50): warning C4244: 'function' : conversion from 'int' to 'float', possible loss of data
       Link:
         C:\Program Files (x86)\Microsoft Visual Studio 12.0\VC\bin\link.exe /ERRORREPORT:PROMPT /OUT:"E:\itu_gui\Debug\itu_gui.exe" /INCREMENTAL /NOLOGO kernel32.lib user32.lib gdi32.lib winspool.lib comdlg32.lib advapi32.lib shell32.lib ole32.lib oleaut32.lib uuid.lib odbc32.lib odbccp32.lib /MANIFEST /MANIFESTUAC:"level='asInvoker' uiAccess='false'" /manifest:embed /DEBUG /PDB:"E:\itu_gui\Debug\itu_gui.pdb" /TLBID:1 /DYNAMICBASE /NXCOMPAT /IMPLIB:"E:\itu_gui\Debug\itu_gui.lib" /MACHINE:X86 Debug\itc_tree.obj
         Debug\ith_lcd.obj
         Debug\ith_win32_sim.obj
         Debug\itp_posix_win32.obj
         Debug\itu_action.obj
         Debug\itu_background.obj
         Debug\itu_base.obj
         Debug\itu_button.obj
         Debug\itu_clipper.obj
         Debug\itu_effect.obj
         Debug\itu_fadeeffect.obj
         Debug\itu_icon.obj
         Debug\itu_layer.obj
         Debug\itu_lcd.obj
         Debug\itu_meter.obj
         Debug\itu_scaleeffect.obj
         Debug\itu_scalefadeeffect.obj
         Debug\itu_scene.obj
         Debug\itu_scrolleffect.obj
         Debug\itu_scrollfadeeffect.obj
         Debug\itu_surface.obj
         Debug\itu_sw.obj
         Debug\itu_utility.obj
         Debug\itu_widget.obj
         Debug\itu_wipeeffect.obj
         Debug\SDL_events.obj
         Debug\SDL_systimer.obj
         Debug\main.obj
         itu_gui.vcxproj -> E:\itu_gui\Debug\itu_gui.exe
     1>Done Building Project "E:\itu_gui\itu_gui\itu_gui.vcxproj" (Build target(s)).

Build succeeded.

Time Elapsed 00:00:00.22
